Blog Load (4.7ms)  SELECT "blogs".* FROM "blogs"
+----+-----------------------------------+-----------------------------------------------+-------------------------+-------------------------+
| id | name                              | description                                   | created_at              | updated_at              |
+----+-----------------------------------+-----------------------------------------------+-------------------------+-------------------------+
| 1  | Star Trek is the Greatest         | Start Trek, YAY!                              | 2017-08-06 21:35:19 UTC | 2017-08-06 21:35:19 UTC |
| 2  | FML                               | you think YOU have problems?????              | 2017-08-06 21:36:12 UTC | 2017-08-06 21:36:12 UTC |
| 3  | A History of Dishwashing Machines | I need this blog to get a lot of likes!       | 2017-08-06 21:37:33 UTC | 2017-08-06 21:37:33 UTC |
| 4  | Quitting Smoking (Cigarettes)     | the bad type of smoking                       | 2017-08-06 21:38:45 UTC | 2017-08-06 21:38:45 UTC |
| 5  | I h8 Steve's Hawaiian Hut         | my personal crusade against this small bus... | 2017-08-06 21:39:54 UTC | 2017-08-06 21:39:54 UTC |
+----+-----------------------------------+-----------------------------------------------+-------------------------+-------------------------+
5 rows in set
2.3.1 :024 > Post.all
Post Load (3.5ms)  SELECT "posts".* FROM "posts"
+----+------------------------------------+------------------------------------+---------+-------------------------+-------------------------+
| id | title                              | content                            | blog_id | created_at              | updated_at              |
+----+------------------------------------+------------------------------------+---------+-------------------------+-------------------------+
| 1  | Picard: Great Captain, or over ... | Some people think Picard was th... | 1       | 2017-08-06 21:53:31 UTC | 2017-08-06 21:53:31 UTC |
| 2  | Hey, my little brother made tha... | i told him to quit haxing my ac... | 1       | 2017-08-06 21:54:50 UTC | 2017-08-06 21:54:50 UTC |
| 3  | They forgot my ketchup .. AAAGG... | i threw again my Pineapple Surp... | 5       | 2017-08-06 21:57:18 UTC | 2017-08-06 21:57:18 UTC |
+----+------------------------------------+------------------------------------+---------+-------------------------+-------------------------+
3 rows in set
2.3.1 :025 > Message.all
Message Load (3.6ms)  SELECT "messages".* FROM "messages"
+----+----------+--------------------------------------------------------------+---------+-------------------------+-------------------------+
| id | author   | message                                                      | post_id | created_at              | updated_at              |
+----+----------+--------------------------------------------------------------+---------+-------------------------+-------------------------+
| 1  | Charissa | Captain Picard is the DREAMIEST!!!!!!!                       | 1       | 2017-08-06 22:00:59 UTC | 2017-08-06 22:00:59 UTC |
| 2  | Cody     | Clearly, Captain Kirk was the better captain                 | 1       | 2017-08-06 22:03:17 UTC | 2017-08-06 22:03:17 UTC |
| 3  | Tyler    | my little brother hacked my account and said those things :( | 2       | 2017-08-06 22:08:13 UTC | 2017-08-06 22:08:13 UTC |
+----+----------+--------------------------------------------------------------+---------+-------------------------+-------------------------+
3 rows in set
2.3.1 :026 >
